2026-05-11 12:52:36,771 - INFO - source_config: {'host': '127.0.0.1', 'port': 3306, 'user': 'root', 'password': '', 'database': 'staging_db_2', 'ssl_ca': ''}
2026-05-11 12:52:36,771 - INFO - dest_config: {'host': '127.0.0.1', 'port': 3306, 'user': 'root', 'password': '', 'database': 'backupdatabase', 'ssl_ca': ''}
2026-05-11 12:52:36,771 - INFO - tables_to_move: []
2026-05-11 12:52:36,772 - INFO - shops_to_move: []
2026-05-11 12:52:36,772 - INFO - start_date: 2023-07-01 00:00:00
2026-05-11 12:52:36,772 - INFO - end_date: 2025-07-01 00:00:00
2026-05-11 12:52:36,772 - INFO - delete_source_rows: True
2026-05-11 12:52:36,772 - INFO - delete_dest_rows: True
2026-05-11 12:52:36,772 - INFO - batch_size: 5000
2026-05-11 12:52:36,772 - INFO - sleep_time: 20
2026-05-11 12:52:36,781 - INFO - database connected
2026-05-11 12:52:36,794 - INFO - -----------------------------------------------------
2026-05-11 12:52:36,794 - INFO - -----------------------------------------------------
2026-05-11 12:52:36,794 - INFO - Starting transfer for table: orders
2026-05-11 12:52:36,806 - INFO - START: Found 0 rows in orders
2026-05-11 12:52:37,482 - INFO - COMPLETE: Moved 0 rows. Destination now total: 328918
2026-05-11 12:52:37,482 - INFO - -----------------------------------------------------
2026-05-11 12:52:37,482 - INFO - -----------------------------------------------------
2026-05-11 12:52:37,482 - INFO - Starting transfer for table: abandoned_cart_items
2026-05-11 12:52:38,159 - INFO - START: Found 265080 rows in abandoned_cart_items
2026-05-11 12:52:38,453 - INFO - Progress: 5000/265080 moved from table abandoned_cart_items
2026-05-11 12:52:38,453 - INFO - Process is sleeping....
2026-05-11 12:52:58,458 - INFO - Process started again....
2026-05-11 12:52:58,758 - INFO - Progress: 10000/265080 moved from table abandoned_cart_items
2026-05-11 12:52:58,758 - INFO - Process is sleeping....
2026-05-11 12:53:18,763 - INFO - Process started again....
2026-05-11 12:53:19,231 - INFO - Progress: 15000/265080 moved from table abandoned_cart_items
2026-05-11 12:53:19,231 - INFO - Process is sleeping....
